::1 - - [30/Nov/2020:05:00:29 +0000] "GET /my HTTP/1.1" 200 339 "-" "okhttp/3.10.0"
::1 - - [30/Nov/2020:05:00:29 +0000] "GET /services HTTP/1.1" 403 25 "-" "okhttp/3.10.0"
::1 - - [30/Nov/2020:05:00:38 +0000] "GET /services HTTP/1.1" 403 25 "-" "okhttp/3.10.0"
::1 - - [30/Nov/2020:05:00:38 +0000] "GET /my HTTP/1.1" 200 339 "-" "okhttp/3.10.0"
::1 - - [30/Nov/2020:05:02:24 +0000] "GET /services HTTP/1.1" 403 25 "-" "okhttp/3.10.0"
::1 - - [30/Nov/2020:05:02:24 +0000] "GET /my HTTP/1.1" 200 339 "-" "okhttp/3.10.0"
::1 - - [30/Nov/2020:05:02:52 +0000] "GET /services HTTP/1.1" 403 25 "-" "okhttp/3.10.0"
::1 - - [30/Nov/2020:05:02:52 +0000] "GET /my HTTP/1.1" 200 339 "-" "okhttp/3.10.0"
::1 - - [30/Nov/2020:05:03:06 +0000] "GET /categories HTTP/1.1" 200 1046 "-" "okhttp/3.10.0"
::1 - - [30/Nov/2020:05:03:06 +0000] "GET /my HTTP/1.1" 200 339 "-" "okhttp/3.10.0"
::1 - - [30/Nov/2020:05:03:13 +0000] "GET /services HTTP/1.1" 403 25 "-" "okhttp/3.10.0"
::1 - - [30/Nov/2020:05:03:13 +0000] "GET /my HTTP/1.1" 200 339 "-" "okhttp/3.10.0"
::1 - - [30/Nov/2020:05:03:50 +0000] "GET /services HTTP/1.1" 403 25 "-" "okhttp/3.10.0"
::1 - - [30/Nov/2020:05:03:50 +0000] "GET /my HTTP/1.1" 200 339 "-" "okhttp/3.10.0"
::1 - - [30/Nov/2020:05:04:33 +0000] "GET /services HTTP/1.1" 403 25 "-" "okhttp/3.10.0"
::1 - - [30/Nov/2020:05:04:33 +0000] "GET /my HTTP/1.1" 200 339 "-" "okhttp/3.10.0"
::1 - - [30/Nov/2020:05:05:39 +0000] "GET /services HTTP/1.1" 403 25 "-" "okhttp/3.10.0"
::1 - - [30/Nov/2020:05:05:39 +0000] "GET /my HTTP/1.1" 200 339 "-" "okhttp/3.10.0"
::1 - - [30/Nov/2020:05:06:18 +0000] "GET /categories HTTP/1.1" 200 1046 "-" "okhttp/3.10.0"
::1 - - [30/Nov/2020:05:06:18 +0000] "GET /my HTTP/1.1" 200 339 "-" "okhttp/3.10.0"
::1 - - [30/Nov/2020:05:06:19 +0000] "GET /services HTTP/1.1" 403 25 "-" "okhttp/3.10.0"
::1 - - [30/Nov/2020:05:06:19 +0000] "GET /my HTTP/1.1" 200 339 "-" "okhttp/3.10.0"
::1 - - [30/Nov/2020:05:06:25 +0000] "GET /services HTTP/1.1" 403 25 "-" "okhttp/3.10.0"
::1 - - [30/Nov/2020:05:06:25 +0000] "GET /my HTTP/1.1" 200 339 "-" "okhttp/3.10.0"
::1 - - [30/Nov/2020:05:06:30 +0000] "GET /my HTTP/1.1" 200 339 "-" "okhttp/3.10.0"
::1 - - [30/Nov/2020:05:06:30 +0000] "GET /services HTTP/1.1" 403 25 "-" "okhttp/3.10.0"
::1 - - [30/Nov/2020:05:06:47 +0000] "GET /services HTTP/1.1" 403 25 "-" "okhttp/3.10.0"
::1 - - [30/Nov/2020:05:06:47 +0000] "GET /my HTTP/1.1" 200 339 "-" "okhttp/3.10.0"
::1 - - [30/Nov/2020:05:07:34 +0000] "GET /services HTTP/1.1" 403 25 "-" "okhttp/3.10.0"
::1 - - [30/Nov/2020:05:07:34 +0000] "GET /my HTTP/1.1" 200 339 "-" "okhttp/3.10.0"
::1 - - [30/Nov/2020:05:07:46 +0000] "GET /services HTTP/1.1" 403 25 "-" "okhttp/3.10.0"
::1 - - [30/Nov/2020:05:07:46 +0000] "GET /my HTTP/1.1" 200 339 "-" "okhttp/3.10.0"
::1 - - [30/Nov/2020:05:08:23 +0000] "GET /my HTTP/1.1" 200 339 "-" "okhttp/3.10.0"
::1 - - [30/Nov/2020:05:08:23 +0000] "GET /categories HTTP/1.1" 200 1046 "-" "okhttp/3.10.0"
::1 - - [30/Nov/2020:05:08:25 +0000] "GET /services HTTP/1.1" 403 25 "-" "okhttp/3.10.0"
::1 - - [30/Nov/2020:05:08:25 +0000] "GET /my HTTP/1.1" 200 339 "-" "okhttp/3.10.0"
::1 - - [30/Nov/2020:05:08:27 +0000] "GET /my HTTP/1.1" 200 339 "-" "okhttp/3.10.0"
::1 - - [30/Nov/2020:05:08:27 +0000] "GET /services HTTP/1.1" 403 25 "-" "okhttp/3.10.0"
::1 - - [30/Nov/2020:05:08:30 +0000] "GET /my HTTP/1.1" 200 339 "-" "okhttp/3.10.0"
::1 - - [30/Nov/2020:05:08:30 +0000] "GET /services HTTP/1.1" 403 25 "-" "okhttp/3.10.0"
::1 - - [30/Nov/2020:05:08:57 +0000] "GET /services HTTP/1.1" 403 25 "-" "okhttp/3.10.0"
::1 - - [30/Nov/2020:05:08:57 +0000] "GET /my HTTP/1.1" 200 339 "-" "okhttp/3.10.0"
::1 - - [30/Nov/2020:05:09:42 +0000] "GET /my HTTP/1.1" 200 339 "-" "okhttp/3.10.0"
::1 - - [30/Nov/2020:05:09:42 +0000] "GET /categories HTTP/1.1" 200 1046 "-" "okhttp/3.10.0"
::1 - - [30/Nov/2020:05:09:44 +0000] "GET /my HTTP/1.1" 200 339 "-" "okhttp/3.10.0"
::1 - - [30/Nov/2020:05:09:44 +0000] "GET /services HTTP/1.1" 403 25 "-" "okhttp/3.10.0"
::1 - - [30/Nov/2020:05:11:34 +0000] "GET /categories HTTP/1.1" 200 1046 "-" "okhttp/3.10.0"
::1 - - [30/Nov/2020:05:11:34 +0000] "GET /my HTTP/1.1" 200 339 "-" "okhttp/3.10.0"
::1 - - [30/Nov/2020:05:11:38 +0000] "GET /my HTTP/1.1" 200 339 "-" "okhttp/3.10.0"
::1 - - [30/Nov/2020:05:11:38 +0000] "GET /categories HTTP/1.1" 200 1046 "-" "okhttp/3.10.0"
::1 - - [30/Nov/2020:05:12:10 +0000] "GET /categories HTTP/1.1" 200 1046 "-" "okhttp/3.10.0"
::1 - - [30/Nov/2020:05:12:10 +0000] "GET /my HTTP/1.1" 200 339 "-" "okhttp/3.10.0"
::1 - - [30/Nov/2020:05:12:16 +0000] "GET /categories HTTP/1.1" 200 1046 "-" "okhttp/3.10.0"
::1 - - [30/Nov/2020:05:12:16 +0000] "GET /my HTTP/1.1" 200 339 "-" "okhttp/3.10.0"
::1 - - [30/Nov/2020:05:12:19 +0000] "GET /my HTTP/1.1" 200 339 "-" "okhttp/3.10.0"
::1 - - [30/Nov/2020:05:13:04 +0000] "GET /categories/undefined/services HTTP/1.1" 200 2 "-" "okhttp/3.10.0"
::1 - - [30/Nov/2020:05:13:04 +0000] "GET /my HTTP/1.1" 200 339 "-" "okhttp/3.10.0"
::1 - - [30/Nov/2020:05:13:08 +0000] "GET /categories/undefined/services HTTP/1.1" 200 2 "-" "okhttp/3.10.0"
::1 - - [30/Nov/2020:05:13:08 +0000] "GET /my HTTP/1.1" 200 339 "-" "okhttp/3.10.0"
::1 - - [30/Nov/2020:05:13:13 +0000] "GET /my HTTP/1.1" 200 339 "-" "okhttp/3.10.0"
::1 - - [30/Nov/2020:05:13:13 +0000] "GET /categories/undefined/services HTTP/1.1" 200 2 "-" "okhttp/3.10.0"
::1 - - [30/Nov/2020:05:13:16 +0000] "GET /categories/undefined/services HTTP/1.1" 200 2 "-" "okhttp/3.10.0"
::1 - - [30/Nov/2020:05:13:16 +0000] "GET /my HTTP/1.1" 200 339 "-" "okhttp/3.10.0"
::1 - - [30/Nov/2020:05:13:18 +0000] "GET /categories/undefined/services HTTP/1.1" 200 2 "-" "okhttp/3.10.0"
::1 - - [30/Nov/2020:05:13:18 +0000] "GET /my HTTP/1.1" 200 339 "-" "okhttp/3.10.0"
::1 - - [30/Nov/2020:05:13:21 +0000] "GET /categories/undefined/services HTTP/1.1" 200 2 "-" "okhttp/3.10.0"
::1 - - [30/Nov/2020:05:13:21 +0000] "GET /my HTTP/1.1" 200 339 "-" "okhttp/3.10.0"
::1 - - [30/Nov/2020:05:13:24 +0000] "GET /categories/undefined/services HTTP/1.1" 200 2 "-" "okhttp/3.10.0"
::1 - - [30/Nov/2020:05:13:24 +0000] "GET /my HTTP/1.1" 200 339 "-" "okhttp/3.10.0"
::1 - - [30/Nov/2020:05:13:27 +0000] "GET /categories/undefined/services HTTP/1.1" 200 2 "-" "okhttp/3.10.0"
::1 - - [30/Nov/2020:05:13:27 +0000] "GET /my HTTP/1.1" 200 339 "-" "okhttp/3.10.0"
::1 - - [30/Nov/2020:05:13:29 +0000] "GET /my HTTP/1.1" 200 339 "-" "okhttp/3.10.0"
::1 - - [30/Nov/2020:05:13:29 +0000] "GET /categories/undefined/services HTTP/1.1" 200 2 "-" "okhttp/3.10.0"
::1 - - [30/Nov/2020:05:13:31 +0000] "GET /categories/undefined/services HTTP/1.1" 200 2 "-" "okhttp/3.10.0"
::1 - - [30/Nov/2020:05:13:31 +0000] "GET /my HTTP/1.1" 200 339 "-" "okhttp/3.10.0"
::1 - - [30/Nov/2020:05:13:33 +0000] "GET /categories/undefined/services HTTP/1.1" 200 2 "-" "okhttp/3.10.0"
::1 - - [30/Nov/2020:05:13:33 +0000] "GET /my HTTP/1.1" 200 339 "-" "okhttp/3.10.0"
::1 - - [30/Nov/2020:05:13:36 +0000] "GET /categories/undefined/services HTTP/1.1" 200 2 "-" "okhttp/3.10.0"
::1 - - [30/Nov/2020:05:13:36 +0000] "GET /my HTTP/1.1" 200 339 "-" "okhttp/3.10.0"
::1 - - [30/Nov/2020:05:13:38 +0000] "GET /categories/undefined/services HTTP/1.1" 200 2 "-" "okhttp/3.10.0"
::1 - - [30/Nov/2020:05:13:38 +0000] "GET /my HTTP/1.1" 200 339 "-" "okhttp/3.10.0"
::1 - - [30/Nov/2020:05:13:41 +0000] "GET /my HTTP/1.1" 200 339 "-" "okhttp/3.10.0"
::1 - - [30/Nov/2020:05:13:41 +0000] "GET /categories/undefined/services HTTP/1.1" 200 2 "-" "okhttp/3.10.0"
::1 - - [30/Nov/2020:05:13:43 +0000] "GET /categories/undefined/services HTTP/1.1" 200 2 "-" "okhttp/3.10.0"
::1 - - [30/Nov/2020:05:13:43 +0000] "GET /my HTTP/1.1" 200 339 "-" "okhttp/3.10.0"
::1 - - [30/Nov/2020:05:13:45 +0000] "GET /categories/undefined/services HTTP/1.1" 200 2 "-" "okhttp/3.10.0"
::1 - - [30/Nov/2020:05:13:45 +0000] "GET /my HTTP/1.1" 200 339 "-" "okhttp/3.10.0"
::1 - - [30/Nov/2020:05:15:20 +0000] "GET /categories/0eaa0200-50ba-414e-80ff-ab81175a9378/services HTTP/1.1" 200 353 "-" "PostmanRuntime/7.26.8"
::1 - - [30/Nov/2020:05:15:46 +0000] "GET /my HTTP/1.1" 200 339 "-" "okhttp/3.10.0"
::1 - - [30/Nov/2020:05:15:46 +0000] "GET /categories/undefined/services HTTP/1.1" 200 2 "-" "okhttp/3.10.0"
::1 - - [30/Nov/2020:05:16:16 +0000] "GET /categories HTTP/1.1" 200 1046 "-" "okhttp/3.10.0"
::1 - - [30/Nov/2020:05:16:16 +0000] "GET /my HTTP/1.1" 200 339 "-" "okhttp/3.10.0"
::1 - - [30/Nov/2020:05:16:21 +0000] "GET /my HTTP/1.1" 200 339 "-" "okhttp/3.10.0"
::1 - - [30/Nov/2020:05:16:21 +0000] "GET /categories HTTP/1.1" 200 1046 "-" "okhttp/3.10.0"
::1 - - [30/Nov/2020:05:16:23 +0000] "GET /categories/undefined/services HTTP/1.1" 200 2 "-" "okhttp/3.10.0"
::1 - - [30/Nov/2020:05:16:23 +0000] "GET /my HTTP/1.1" 200 339 "-" "okhttp/3.10.0"
::1 - - [30/Nov/2020:05:17:16 +0000] "GET /categories/undefined/services HTTP/1.1" 200 2 "-" "okhttp/3.10.0"
::1 - - [30/Nov/2020:05:17:16 +0000] "GET /my HTTP/1.1" 200 339 "-" "okhttp/3.10.0"
::1 - - [30/Nov/2020:05:17:33 +0000] "GET /categories/undefined/services HTTP/1.1" 200 2 "-" "okhttp/3.10.0"
::1 - - [30/Nov/2020:05:17:33 +0000] "GET /my HTTP/1.1" 200 339 "-" "okhttp/3.10.0"
::1 - - [30/Nov/2020:05:18:01 +0000] "GET /categories HTTP/1.1" 200 1046 "-" "okhttp/3.10.0"
::1 - - [30/Nov/2020:05:18:01 +0000] "GET /my HTTP/1.1" 200 339 "-" "okhttp/3.10.0"
::1 - - [30/Nov/2020:05:18:06 +0000] "GET /categories HTTP/1.1" 200 1046 "-" "okhttp/3.10.0"
::1 - - [30/Nov/2020:05:18:06 +0000] "GET /my HTTP/1.1" 200 339 "-" "okhttp/3.10.0"
::1 - - [30/Nov/2020:05:18:08 +0000] "GET /my HTTP/1.1" 200 339 "-" "okhttp/3.10.0"
::1 - - [30/Nov/2020:05:18:08 +0000] "GET /categories/undefined/services HTTP/1.1" 200 2 "-" "okhttp/3.10.0"
::1 - - [30/Nov/2020:05:18:38 +0000] "GET /my HTTP/1.1" 200 339 "-" "okhttp/3.10.0"
::1 - - [30/Nov/2020:05:18:38 +0000] "GET /categories HTTP/1.1" 200 1046 "-" "okhttp/3.10.0"
::1 - - [30/Nov/2020:05:18:43 +0000] "GET /my HTTP/1.1" 200 339 "-" "okhttp/3.10.0"
::1 - - [30/Nov/2020:05:18:43 +0000] "GET /categories HTTP/1.1" 200 1046 "-" "okhttp/3.10.0"
::1 - - [30/Nov/2020:05:18:46 +0000] "GET /categories/0eaa0200-50ba-414e-80ff-ab81175a9378/services HTTP/1.1" 200 353 "-" "okhttp/3.10.0"
::1 - - [30/Nov/2020:05:18:46 +0000] "GET /my HTTP/1.1" 200 339 "-" "okhttp/3.10.0"
::1 - - [30/Nov/2020:05:21:36 +0000] "GET /my HTTP/1.1" 200 339 "-" "okhttp/3.10.0"
::1 - - [30/Nov/2020:05:21:36 +0000] "GET /categories HTTP/1.1" 200 1046 "-" "okhttp/3.10.0"
::1 - - [30/Nov/2020:05:21:40 +0000] "GET /categories HTTP/1.1" 200 1046 "-" "okhttp/3.10.0"
::1 - - [30/Nov/2020:05:21:40 +0000] "GET /my HTTP/1.1" 200 339 "-" "okhttp/3.10.0"
::1 - - [30/Nov/2020:05:21:46 +0000] "GET /my HTTP/1.1" 200 339 "-" "okhttp/3.10.0"
::1 - - [30/Nov/2020:05:21:46 +0000] "GET /categories/7094b796-4c1f-40b6-abf6-ff4a47338604/services HTTP/1.1" 200 2 "-" "okhttp/3.10.0"
::1 - - [30/Nov/2020:05:29:55 +0000] "GET /categories/0eaa0200-50ba-414e-80ff-ab81175a9378/services HTTP/1.1" 200 353 "-" "okhttp/3.10.0"
::1 - - [30/Nov/2020:05:29:55 +0000] "GET /my HTTP/1.1" 200 339 "-" "okhttp/3.10.0"
::1 - - [30/Nov/2020:05:30:34 +0000] "GET /my HTTP/1.1" 200 339 "-" "okhttp/3.10.0"
::1 - - [30/Nov/2020:05:30:34 +0000] "GET /categories HTTP/1.1" 200 1046 "-" "okhttp/3.10.0"
::1 - - [30/Nov/2020:05:30:44 +0000] "GET /my HTTP/1.1" 200 339 "-" "okhttp/3.10.0"
::1 - - [30/Nov/2020:05:30:44 +0000] "GET /categories/7094b796-4c1f-40b6-abf6-ff4a47338604/services HTTP/1.1" 200 2 "-" "okhttp/3.10.0"
::1 - - [30/Nov/2020:05:30:50 +0000] "GET /my HTTP/1.1" 200 339 "-" "okhttp/3.10.0"
::1 - - [30/Nov/2020:05:30:50 +0000] "GET /categories/0eaa0200-50ba-414e-80ff-ab81175a9378/services HTTP/1.1" 200 353 "-" "okhttp/3.10.0"
::1 - - [30/Nov/2020:05:30:58 +0000] "GET /my HTTP/1.1" 200 339 "-" "okhttp/3.10.0"
::1 - - [30/Nov/2020:05:30:58 +0000] "GET /categories HTTP/1.1" 200 1046 "-" "okhttp/3.10.0"
::1 - - [30/Nov/2020:05:31:03 +0000] "GET /my HTTP/1.1" 200 339 "-" "okhttp/3.10.0"
::1 - - [30/Nov/2020:05:31:03 +0000] "GET /categories HTTP/1.1" 200 1046 "-" "okhttp/3.10.0"
::1 - - [30/Nov/2020:05:31:05 +0000] "GET /categories/db3be891-09e5-4273-b12c-34c9fe3857bb/services HTTP/1.1" 200 2 "-" "okhttp/3.10.0"
::1 - - [30/Nov/2020:05:31:05 +0000] "GET /my HTTP/1.1" 200 339 "-" "okhttp/3.10.0"
::1 - - [30/Nov/2020:05:31:21 +0000] "GET /my HTTP/1.1" 200 339 "-" "okhttp/3.10.0"
::1 - - [30/Nov/2020:05:31:21 +0000] "GET /categories HTTP/1.1" 200 1046 "-" "okhttp/3.10.0"
::1 - - [30/Nov/2020:05:31:49 +0000] "GET /my HTTP/1.1" 200 339 "-" "okhttp/3.10.0"
::1 - - [30/Nov/2020:05:31:49 +0000] "GET /categories HTTP/1.1" 200 1046 "-" "okhttp/3.10.0"
::1 - - [30/Nov/2020:05:31:51 +0000] "GET /my HTTP/1.1" 200 339 "-" "okhttp/3.10.0"
::1 - - [30/Nov/2020:05:31:51 +0000] "GET /categories HTTP/1.1" 200 1046 "-" "okhttp/3.10.0"
::1 - - [30/Nov/2020:05:31:58 +0000] "GET /my HTTP/1.1" 200 339 "-" "okhttp/3.10.0"
::1 - - [30/Nov/2020:05:31:58 +0000] "GET /categories HTTP/1.1" 200 1046 "-" "okhttp/3.10.0"
::1 - - [30/Nov/2020:05:32:01 +0000] "GET /categories/7094b796-4c1f-40b6-abf6-ff4a47338604/services HTTP/1.1" 200 2 "-" "okhttp/3.10.0"
::1 - - [30/Nov/2020:05:32:01 +0000] "GET /my HTTP/1.1" 200 339 "-" "okhttp/3.10.0"
::1 - - [30/Nov/2020:05:32:08 +0000] "GET /my HTTP/1.1" 200 339 "-" "okhttp/3.10.0"
::1 - - [30/Nov/2020:05:32:08 +0000] "GET /categories/28fded78-d477-4cdd-8b62-aea033266198/services HTTP/1.1" 200 2 "-" "okhttp/3.10.0"
::1 - - [30/Nov/2020:05:32:13 +0000] "GET /my HTTP/1.1" 200 339 "-" "okhttp/3.10.0"
::1 - - [30/Nov/2020:05:32:13 +0000] "GET /categories/5ad5e41a-b938-42d4-8232-4b6951f573b5/services HTTP/1.1" 200 2 "-" "okhttp/3.10.0"
::1 - - [30/Nov/2020:05:32:26 +0000] "GET /my HTTP/1.1" 200 339 "-" "okhttp/3.10.0"
::1 - - [30/Nov/2020:05:32:26 +0000] "GET /categories/0eaa0200-50ba-414e-80ff-ab81175a9378/services HTTP/1.1" 200 353 "-" "okhttp/3.10.0"
::1 - - [30/Nov/2020:05:32:37 +0000] "GET /my HTTP/1.1" 200 339 "-" "okhttp/3.10.0"
::1 - - [30/Nov/2020:05:32:37 +0000] "GET /categories/7ef5ed8d-1f76-4286-908b-275b1aaf031f/services HTTP/1.1" 200 2 "-" "okhttp/3.10.0"
::1 - - [30/Nov/2020:05:32:41 +0000] "GET /categories/7094b796-4c1f-40b6-abf6-ff4a47338604/services HTTP/1.1" 200 2 "-" "okhttp/3.10.0"
::1 - - [30/Nov/2020:05:32:41 +0000] "GET /my HTTP/1.1" 200 339 "-" "okhttp/3.10.0"
